{
  "RSpec": {
    "coverage": {
      "/Users/janeparsons/Projects/bookmark-challengeJP/spec/bookmark_spec.rb": {
        "lines": [
          null,
          null,
          1,
          null,
          1,
          1,
          1,
          null,
          null,
          null,
          null,
          null,
          null,
          null,
          1,
          1,
          null,
          null,
          null,
          1,
          1,
          null,
          null,
          null,
          null
        ]
      },
      "/Users/janeparsons/Projects/bookmark-challengeJP/spec/features/bookmarks_spec.rb": {
        "lines": [
          1,
          null,
          1,
          1,
          1,
          1,
          1,
          null,
          null,
          1,
          null,
          1,
          null,
          1,
          1,
          1,
          null,
          null,
          null,
          null,
          null,
          1,
          1,
          1,
          1,
          null,
          null,
          1,
          null,
          1,
          null,
          1,
          1,
          1,
          null,
          1,
          1,
          1,
          1,
          null,
          1,
          1,
          null,
          null,
          null,
          null
        ]
      },
      "/Users/janeparsons/Projects/bookmark-challengeJP/spec/features/infrastructure_setup_spec.rb": {
        "lines": [
          null,
          null,
          null,
          null,
          null,
          null
        ]
      }
    },
    "timestamp": 1645105189
  }
}
